<?xml version="1.0" encoding="UTF-8"?>
<!-- Generated by org.testng.reporters.JUnitReportReporter -->
<testsuite skipped="0" hostname="CBT-MH-000" name="HashTag" tests="1" failures="0" timestamp="11 Oct 2019 07:36:38 GMT" time="7.848" errors="0">
  <testcase name="get_Tweet" time="7.848" classname="HashTag"/>
</testsuite> <!-- HashTag -->
