<?xml version="1.0" encoding="UTF-8"?>
<!-- Generated by org.testng.reporters.JUnitReportReporter -->
<testsuite skipped="0" hostname="CBT-MH-000" name="twitter" tests="1" failures="0" timestamp="10 Oct 2019 11:22:03 GMT" time="4.472" errors="0">
  <testcase name="get_Tweet" time="4.472" classname="twitter"/>
</testsuite> <!-- twitter -->
