<?xml version="1.0" encoding="UTF-8"?>
<!-- Generated by org.testng.reporters.JUnitReportReporter -->
<testsuite skipped="0" hostname="CBT-MH-000" name="Retweet" tests="1" failures="0" timestamp="14 Oct 2019 08:30:57 GMT" time="6.873" errors="0">
  <testcase name="tweet" time="6.873" classname="Retweet"/>
</testsuite> <!-- Retweet -->
