<?xml version="1.0" encoding="UTF-8"?>
<!-- Generated by org.testng.reporters.JUnitReportReporter -->
<testsuite skipped="0" hostname="CBT-MH-000" name="Search_Tweets" tests="1" failures="0" timestamp="12 Oct 2019 07:14:30 GMT" time="4.450" errors="0">
  <testcase name="search_Tweet" time="4.450" classname="Search_Tweets"/>
</testsuite> <!-- Search_Tweets -->
