<?xml version="1.0" encoding="UTF-8"?>
<!-- Generated by org.testng.reporters.JUnitReportReporter -->
<testsuite skipped="0" hostname="CBT-MH-000" name="Post_Tweet" tests="1" failures="0" timestamp="10 Oct 2019 11:22:33 GMT" time="4.508" errors="0">
  <testcase name="get_Tweet" time="4.508" classname="Post_Tweet"/>
</testsuite> <!-- Post_Tweet -->
